<?xml version="1.0" encoding="UTF-8"?>
<testsuite xmlns:xsi="http://www.w3.org/2001/XMLSchema-instance" xsi:noNamespaceSchemaLocation="https://maven.apache.org/surefire/maven-surefire-plugin/xsd/surefire-test-report.xsd" name="com.czq.TestController" time="0.128" tests="1" errors="1" skipped="0" failures="0">
  <properties>
[...]
</properties>
  <testcase name="test" classname="com.czq.TestController" time="0.001">
    <error type="java.lang.NullPointerException">java.lang.NullPointerException
	at com.czq.TestController.test(TestController.java:25)
</error>
    <system-out><![CDATA[2020-03-14 12:03:13.932  INFO 10480 --- [           main] .b.t.c.SpringBootTestContextBootstrapper : Neither @ContextConfiguration nor @ContextHierarchy found for test class [com.czq.TestController], using SpringBootContextLoader
2020-03-14 12:03:13.934  INFO 10480 --- [           main] o.s.t.c.support.AbstractContextLoader    : Could not detect default resource locations for test class [com.czq.TestController]: no resource found for suffixes {-context.xml, Context.groovy}.
2020-03-14 12:03:13.934  INFO 10480 --- [           main] t.c.s.AnnotationConfigContextLoaderUtils : Could not detect default configuration classes for test class [com.czq.TestController]: TestController does not declare any static, non-private, non-final, nested classes annotated with @Configuration.
2020-03-14 12:03:13.938  INFO 10480 --- [           main] .b.t.c.SpringBootTestContextBootstrapper : Found @SpringBootConfiguration com.czq.JavaDesignPatternApplication for test class com.czq.TestController
2020-03-14 12:03:13.941  INFO 10480 --- [           main] .b.t.c.SpringBootTestContextBootstrapper : Loaded default TestExecutionListener class names from location [META-INF/spring.factories]: [org.springframework.boot.test.mock.mockito.MockitoTestExecutionListener, org.springframework.boot.test.mock.mockito.ResetMocksTestExecutionListener, org.springframework.boot.test.autoconfigure.restdocs.RestDocsTestExecutionListener, org.springframework.boot.test.autoconfigure.web.client.MockRestServiceServerResetTestExecutionListener, org.springframework.boot.test.autoconfigure.web.servlet.MockMvcPrintOnlyOnFailureTestExecutionListener, org.springframework.boot.test.autoconfigure.web.servlet.WebDriverTestExecutionListener, org.springframework.test.context.web.ServletTestExecutionListener, org.springframework.test.context.support.DirtiesContextBeforeModesTestExecutionListener, org.springframework.test.context.support.DependencyInjectionTestExecutionListener, org.springframework.test.context.support.DirtiesContextTestExecutionListener, org.springframework.test.context.transaction.TransactionalTestExecutionListener, org.springframework.test.context.jdbc.SqlScriptsTestExecutionListener, org.springframework.test.context.event.EventPublishingTestExecutionListener]
2020-03-14 12:03:13.943  INFO 10480 --- [           main] .b.t.c.SpringBootTestContextBootstrapper : Using TestExecutionListeners: [org.springframework.test.context.web.ServletTestExecutionListener@71370fec, org.springframework.test.context.support.DirtiesContextBeforeModesTestExecutionListener@6707a4bf, org.springframework.boot.test.mock.mockito.MockitoTestExecutionListener@3fc7c734, org.springframework.boot.test.autoconfigure.SpringBootDependencyInjectionTestExecutionListener@f0a66bd, org.springframework.test.context.support.DirtiesContextTestExecutionListener@460b50df, org.springframework.test.context.event.EventPublishingTestExecutionListener@1cf336fd, org.springframework.boot.test.mock.mockito.ResetMocksTestExecutionListener@1d0cac30, org.springframework.boot.test.autoconfigure.restdocs.RestDocsTestExecutionListener@41ef1ea2, org.springframework.boot.test.autoconfigure.web.client.MockRestServiceServerResetTestExecutionListener@5dfe23e8, org.springframework.boot.test.autoconfigure.web.servlet.MockMvcPrintOnlyOnFailureTestExecutionListener@583fb274, org.springframework.boot.test.autoconfigure.web.servlet.WebDriverTestExecutionListener@202ae86f]
]]></system-out>
  </testcase>
</testsuite>